<?xml version="1.0" encoding="UTF-8"?>
<!-- Generated by org.testng.reporters.JUnitReportReporter -->
<testsuite hostname="DESKTOP-175D9K0" failures="0" tests="1" name="testCases.TC_AssetDetailsPage" time="11.481" errors="0" timestamp="2024-07-07T19:25:45 IST" skipped="0">
  <testcase classname="testCases.TC_AssetDetailsPage" name="assetDetails" time="11.481"/>
</testsuite> <!-- testCases.TC_AssetDetailsPage -->
